[0m[[0m[0mdebug[0m] [0m[0m> Exec(run, Some(b459b73c-ff03-42e3-ba86-316892aa6642), Some(CommandSource(console0)))[0m
[0m[[0m[0mdebug[0m] [0m[0mEvaluating tasks: Compile / run[0m
[0m[[0m[0mdebug[0m] [0m[0mRunning task... Cancel: Signal, check cycles: false, forcegc: true[0m
[0m[[0m[0mdebug[0m] [0m[0mjsonRpcNotify: JsonRpcNotificationMessage(2.0, build/taskStart, {"taskId":{"id":"7","parents":[]},"eventTime":1606226607452,"message":"Compiling tp89_acf","dataKind":"compile-task","data":{"target":{"uri":"file:/D:/M1/ACF/TP89/TP89_ACF/#tp89_acf/Compile"}}})[0m
[0m[[0m[0mdebug[0m] [0m[0mjsonRpcNotify: JsonRpcNotificationMessage(2.0, build/publishDiagnostics, {"textDocument":{"uri":"file:///D:/M1/ACF/TP89/TP89_ACF/src/main/scala/validator/ConcreteValidator.scala"},"buildTarget":{"uri":"file:/D:/M1/ACF/TP89/TP89_ACF/#tp89_acf/Compile"},"diagnostics":[],"reset":true})[0m
[0m[[0m[0mdebug[0m] [0m[0mjsonRpcNotify: JsonRpcNotificationMessage(2.0, build/publishDiagnostics, {"textDocument":{"uri":"file:///D:/M1/ACF/TP89/TP89_ACF/src/main/scala/bank/Bank.scala"},"buildTarget":{"uri":"file:/D:/M1/ACF/TP89/TP89_ACF/#tp89_acf/Compile"},"diagnostics":[],"reset":true})[0m
[0m[[0m[0mdebug[0m] [0m[0mjsonRpcNotify: JsonRpcNotificationMessage(2.0, build/publishDiagnostics, {"textDocument":{"uri":"file:///D:/M1/ACF/TP89/TP89_ACF/src/main/scala/bank/action/SendCancel.java"},"buildTarget":{"uri":"file:/D:/M1/ACF/TP89/TP89_ACF/#tp89_acf/Compile"},"diagnostics":[],"reset":true})[0m
[0m[[0m[0mdebug[0m] [0m[0mjsonRpcNotify: JsonRpcNotificationMessage(2.0, build/publishDiagnostics, {"textDocument":{"uri":"file:///D:/M1/ACF/TP89/TP89_ACF/src/main/scala/bank/TransValidator.scala"},"buildTarget":{"uri":"file:/D:/M1/ACF/TP89/TP89_ACF/#tp89_acf/Compile"},"diagnostics":[],"reset":true})[0m
[0m[[0m[0mdebug[0m] [0m[0mjsonRpcNotify: JsonRpcNotificationMessage(2.0, build/publishDiagnostics, {"textDocument":{"uri":"file:///D:/M1/ACF/TP89/TP89_ACF/src/main/scala/bank/Ihm.java"},"buildTarget":{"uri":"file:/D:/M1/ACF/TP89/TP89_ACF/#tp89_acf/Compile"},"diagnostics":[],"reset":true})[0m
[0m[[0m[0mdebug[0m] [0m[0mjsonRpcNotify: JsonRpcNotificationMessage(2.0, build/publishDiagnostics, {"textDocument":{"uri":"file:///D:/M1/ACF/TP89/TP89_ACF/src/main/scala/bank/action/SendMerchant.java"},"buildTarget":{"uri":"file:/D:/M1/ACF/TP89/TP89_ACF/#tp89_acf/Compile"},"diagnostics":[],"reset":true})[0m
[0m[[0m[0mdebug[0m] [0m[0mjsonRpcNotify: JsonRpcNotificationMessage(2.0, build/publishDiagnostics, {"textDocument":{"uri":"file:///D:/M1/ACF/TP89/TP89_ACF/src/main/scala/bank/observer/Subject.scala"},"buildTarget":{"uri":"file:/D:/M1/ACF/TP89/TP89_ACF/#tp89_acf/Compile"},"diagnostics":[],"reset":true})[0m
[0m[[0m[0mdebug[0m] [0m[0mjsonRpcNotify: JsonRpcNotificationMessage(2.0, build/publishDiagnostics, {"textDocument":{"uri":"file:///D:/M1/ACF/TP89/TP89_ACF/src/main/scala/bank/ExtMessage.scala"},"buildTarget":{"uri":"file:/D:/M1/ACF/TP89/TP89_ACF/#tp89_acf/Compile"},"diagnostics":[],"reset":true})[0m
[0m[[0m[0mdebug[0m] [0m[0mjsonRpcNotify: JsonRpcNotificationMessage(2.0, build/publishDiagnostics, {"textDocument":{"uri":"file:///D:/M1/ACF/TP89/TP89_ACF/src/main/scala/bank/observer/Observer.scala"},"buildTarget":{"uri":"file:/D:/M1/ACF/TP89/TP89_ACF/#tp89_acf/Compile"},"diagnostics":[],"reset":true})[0m
[0m[[0m[0mdebug[0m] [0m[0mjsonRpcNotify: JsonRpcNotificationMessage(2.0, build/publishDiagnostics, {"textDocument":{"uri":"file:///D:/M1/ACF/TP89/TP89_ACF/src/main/scala/bank/action/SendClient.java"},"buildTarget":{"uri":"file:/D:/M1/ACF/TP89/TP89_ACF/#tp89_acf/Compile"},"diagnostics":[],"reset":true})[0m
[0m[[0m[0mdebug[0m] [0m[0mjsonRpcNotify: JsonRpcNotificationMessage(2.0, build/taskFinish, {"taskId":{"id":"7","parents":[]},"eventTime":1606226607469,"message":"Compiled tp89_acf","status":1,"dataKind":"compile-report","data":{"target":{"uri":"file:/D:/M1/ACF/TP89/TP89_ACF/#tp89_acf/Compile"},"errors":0,"warnings":0,"time":17}})[0m
[0m[[0m[0mdebug[0m] [0m[0mjsonRpcNotify: JsonRpcNotificationMessage(2.0, build/logMessage, {"type":3,"message":"running bank.Ihm "})[0m
[0m[[0m[0mdebug[0m] [0m[0mjsonRpcNotify: JsonRpcNotificationMessage(2.0, build/logMessage, {"type":4,"message":"Waiting for threads to exit or System.exit to be called."})[0m
[0m[[0m[0mdebug[0m] [0m[0mjsonRpcNotify: JsonRpcNotificationMessage(2.0, build/logMessage, {"type":4,"message":"  Classpath:\n\tD:\\M1\\ACF\\TP89\\TP89_ACF\\target\\bg-jobs\\sbt_3da5ff7a\\job-1\\target\\3b48268d\\8b6748d4\\tp89_acf_2.13-0.1.jar\n\tD:\\M1\\ACF\\TP89\\TP89_ACF\\target\\bg-jobs\\sbt_3da5ff7a\\target\\f4e5d416\\37851899\\scala-library-2.13.3.jar"})[0m
[0m[[0m[0mdebug[0m] [0m[0mjsonRpcNotify: JsonRpcNotificationMessage(2.0, build/logMessage, {"type":4,"message":"Waiting for thread run-main-0 to terminate."})[0m
[0m[[0m[0mdebug[0m] [0m[0mjsonRpcNotify: JsonRpcNotificationMessage(2.0, build/logMessage, {"type":4,"message":"\tThread run-main-0 exited."})[0m
[0m[[0m[0mdebug[0m] [0m[0mjsonRpcNotify: JsonRpcNotificationMessage(2.0, build/logMessage, {"type":4,"message":"Waiting for thread AWT-EventQueue-0 to terminate."})[0m
[0m[[0m[0mdebug[0m] [0m[0mjsonRpcNotify: JsonRpcNotificationMessage(2.0, build/logMessage, {"type":4,"message":"Disposing 1 top-level windows..."})[0m
[0m[[0m[0mdebug[0m] [0m[0mjsonRpcNotify: JsonRpcNotificationMessage(2.0, build/logMessage, {"type":4,"message":"Waiting 2 s to let AWT thread exit."})[0m
[0m[[0m[0mdebug[0m] [0m[0mjsonRpcNotify: JsonRpcNotificationMessage(2.0, build/logMessage, {"type":4,"message":"Interrupting thread AWT-EventQueue-0"})[0m
[0m[[0m[0mdebug[0m] [0m[0mjsonRpcNotify: JsonRpcNotificationMessage(2.0, build/logMessage, {"type":4,"message":"\tInterrupted AWT-EventQueue-0"})[0m
[0m[[0m[0mdebug[0m] [0m[0mjsonRpcNotify: JsonRpcNotificationMessage(2.0, build/logMessage, {"type":4,"message":"Not interrupting system thread Thread[TimerQueue,5,system]"})[0m
[0m[[0m[0mdebug[0m] [0m[0mjsonRpcNotify: JsonRpcNotificationMessage(2.0, build/logMessage, {"type":4,"message":"Not interrupting system thread Thread[Java2D Disposer,10,system]"})[0m
[0m[[0m[0mdebug[0m] [0m[0mjsonRpcNotify: JsonRpcNotificationMessage(2.0, build/logMessage, {"type":4,"message":"Not interrupting system thread Thread[Thread-7,6,system]"})[0m
[0m[[0m[0mdebug[0m] [0m[0mjsonRpcNotify: JsonRpcNotificationMessage(2.0, build/logMessage, {"type":4,"message":"Not interrupting system thread Thread[Thread-8,6,system]"})[0m
[0m[[0m[0mdebug[0m] [0m[0mjsonRpcNotify: JsonRpcNotificationMessage(2.0, build/logMessage, {"type":4,"message":"Not interrupting system thread Thread[AWT-Windows,6,system]"})[0m
[0m[[0m[0mdebug[0m] [0m[0mjsonRpcNotify: JsonRpcNotificationMessage(2.0, build/logMessage, {"type":4,"message":"Not interrupting system thread Thread[AWT-Shutdown,5,system]"})[0m
[0m[[0m[0mdebug[0m] [0m[0mjsonRpcNotify: JsonRpcNotificationMessage(2.0, build/logMessage, {"type":4,"message":"\tThread AWT-EventQueue-0 exited."})[0m
[0m[[0m[0mdebug[0m] [0m[0mjsonRpcNotify: JsonRpcNotificationMessage(2.0, build/logMessage, {"type":4,"message":"Waiting for thread AWT-Shutdown to terminate."})[0m
[0m[[0m[0mdebug[0m] [0m[0mjsonRpcNotify: JsonRpcNotificationMessage(2.0, build/logMessage, {"type":4,"message":"\tThread AWT-Shutdown exited."})[0m
[0m[[0m[0mdebug[0m] [0m[0mjsonRpcNotify: JsonRpcNotificationMessage(2.0, build/logMessage, {"type":4,"message":"Interrupting remaining threads (should be all daemons)."})[0m
[0m[[0m[0mdebug[0m] [0m[0mjsonRpcNotify: JsonRpcNotificationMessage(2.0, build/logMessage, {"type":4,"message":"Disposing 1 top-level windows..."})[0m
[0m[[0m[0mdebug[0m] [0m[0mjsonRpcNotify: JsonRpcNotificationMessage(2.0, build/logMessage, {"type":4,"message":"Waiting 2 s to let AWT thread exit."})[0m
[0m[[0m[0mdebug[0m] [0m[0mjsonRpcNotify: JsonRpcNotificationMessage(2.0, build/logMessage, {"type":4,"message":"Not interrupting system thread Thread[TimerQueue,5,system]"})[0m
[0m[[0m[0mdebug[0m] [0m[0mjsonRpcNotify: JsonRpcNotificationMessage(2.0, build/logMessage, {"type":4,"message":"Not interrupting system thread Thread[Java2D Disposer,10,system]"})[0m
[0m[[0m[0mdebug[0m] [0m[0mjsonRpcNotify: JsonRpcNotificationMessage(2.0, build/logMessage, {"type":4,"message":"Not interrupting system thread Thread[Thread-7,6,system]"})[0m
[0m[[0m[0mdebug[0m] [0m[0mjsonRpcNotify: JsonRpcNotificationMessage(2.0, build/logMessage, {"type":4,"message":"Not interrupting system thread Thread[Thread-8,6,system]"})[0m
[0m[[0m[0mdebug[0m] [0m[0mjsonRpcNotify: JsonRpcNotificationMessage(2.0, build/logMessage, {"type":4,"message":"Not interrupting system thread Thread[AWT-Windows,6,system]"})[0m
[0m[[0m[0mdebug[0m] [0m[0mjsonRpcNotify: JsonRpcNotificationMessage(2.0, build/logMessage, {"type":4,"message":"Sandboxed run complete.."})[0m
[0m[[0m[0mdebug[0m] [0m[0mjsonRpcNotify: JsonRpcNotificationMessage(2.0, build/logMessage, {"type":4,"message":"Exited with code 0"})[0m
[0m[[0m[32msuccess[0m] [0m[0mTotal time: 11 s, completed 24 nov. 2020 15:03:38[0m
[0m[[0m[0mdebug[0m] [0m[0m> Exec(shell, None, None)[0m
[0m[[0m[0mdebug[0m] [0m[0mForcing garbage collection...[0m
