[0m[[0m[0mdebug[0m] [0m[0m> Exec(run, Some(e4bc1d79-7bd9-415a-bea8-436c7f16cd9c), Some(CommandSource(console0)))[0m
[0m[[0m[0mdebug[0m] [0m[0mEvaluating tasks: Compile / run[0m
[0m[[0m[0mdebug[0m] [0m[0mRunning task... Cancel: bloop.integrations.sbt.Offloader$$anon$1@75c77add, check cycles: false, forcegc: true[0m
[0m[[0m[0mdebug[0m] [0m[0mjsonRpcNotify: JsonRpcNotificationMessage(2.0, build/taskStart, {"taskId":{"id":"49","parents":[]},"eventTime":1607261493636,"message":"Compiling tp89_acf","dataKind":"compile-task","data":{"target":{"uri":"file:/D:/M1/ACF/TP89/TP89_ACF/#tp89_acf/Compile"}}})[0m
[0m[[0m[0mdebug[0m] [0m[0mjsonRpcNotify: JsonRpcNotificationMessage(2.0, build/publishDiagnostics, {"textDocument":{"uri":"file:///D:/M1/ACF/TP89/TP89_ACF/src/main/scala/validator/ConcreteValidator.scala"},"buildTarget":{"uri":"file:/D:/M1/ACF/TP89/TP89_ACF/#tp89_acf/Compile"},"diagnostics":[{"range":{"start":{"line":147,"character":63},"end":{"line":147,"character":64}},"severity":2,"source":"sbt","message":"match may not be exhaustive.\nIt would fail on the following input: Nonea()"},{"range":{"start":{"line":170,"character":63},"end":{"line":170,"character":64}},"severity":2,"source":"sbt","message":"match may not be exhaustive.\nIt would fail on the following input: Nonea()"}],"reset":true})[0m
[0m[[0m[0mdebug[0m] [0m[0mjsonRpcNotify: JsonRpcNotificationMessage(2.0, build/publishDiagnostics, {"textDocument":{"uri":"file:///D:/M1/ACF/TP89/TP89_ACF/src/main/scala/bank/Bank.scala"},"buildTarget":{"uri":"file:/D:/M1/ACF/TP89/TP89_ACF/#tp89_acf/Compile"},"diagnostics":[],"reset":true})[0m
[0m[[0m[0mdebug[0m] [0m[0mjsonRpcNotify: JsonRpcNotificationMessage(2.0, build/publishDiagnostics, {"textDocument":{"uri":"file:///D:/M1/ACF/TP89/TP89_ACF/src/main/scala/bank/action/SendCancel.java"},"buildTarget":{"uri":"file:/D:/M1/ACF/TP89/TP89_ACF/#tp89_acf/Compile"},"diagnostics":[],"reset":true})[0m
[0m[[0m[0mdebug[0m] [0m[0mjsonRpcNotify: JsonRpcNotificationMessage(2.0, build/publishDiagnostics, {"textDocument":{"uri":"file:///D:/M1/ACF/TP89/TP89_ACF/src/main/scala/bank/TransValidator.scala"},"buildTarget":{"uri":"file:/D:/M1/ACF/TP89/TP89_ACF/#tp89_acf/Compile"},"diagnostics":[],"reset":true})[0m
[0m[[0m[0mdebug[0m] [0m[0mjsonRpcNotify: JsonRpcNotificationMessage(2.0, build/publishDiagnostics, {"textDocument":{"uri":"file:///D:/M1/ACF/TP89/TP89_ACF/src/main/scala/bank/Ihm.java"},"buildTarget":{"uri":"file:/D:/M1/ACF/TP89/TP89_ACF/#tp89_acf/Compile"},"diagnostics":[],"reset":true})[0m
[0m[[0m[0mdebug[0m] [0m[0mjsonRpcNotify: JsonRpcNotificationMessage(2.0, build/publishDiagnostics, {"textDocument":{"uri":"file:///D:/M1/ACF/TP89/TP89_ACF/src/main/scala/bank/action/SendMerchant.java"},"buildTarget":{"uri":"file:/D:/M1/ACF/TP89/TP89_ACF/#tp89_acf/Compile"},"diagnostics":[],"reset":true})[0m
[0m[[0m[0mdebug[0m] [0m[0mjsonRpcNotify: JsonRpcNotificationMessage(2.0, build/publishDiagnostics, {"textDocument":{"uri":"file:///D:/M1/ACF/TP89/TP89_ACF/src/main/scala/bank/observer/Subject.scala"},"buildTarget":{"uri":"file:/D:/M1/ACF/TP89/TP89_ACF/#tp89_acf/Compile"},"diagnostics":[],"reset":true})[0m
[0m[[0m[0mdebug[0m] [0m[0mjsonRpcNotify: JsonRpcNotificationMessage(2.0, build/publishDiagnostics, {"textDocument":{"uri":"file:///D:/M1/ACF/TP89/TP89_ACF/src/main/scala/bank/ExtMessage.scala"},"buildTarget":{"uri":"file:/D:/M1/ACF/TP89/TP89_ACF/#tp89_acf/Compile"},"diagnostics":[],"reset":true})[0m
[0m[[0m[0mdebug[0m] [0m[0mjsonRpcNotify: JsonRpcNotificationMessage(2.0, build/publishDiagnostics, {"textDocument":{"uri":"file:///D:/M1/ACF/TP89/TP89_ACF/src/main/scala/bank/observer/Observer.scala"},"buildTarget":{"uri":"file:/D:/M1/ACF/TP89/TP89_ACF/#tp89_acf/Compile"},"diagnostics":[],"reset":true})[0m
[0m[[0m[0mdebug[0m] [0m[0mjsonRpcNotify: JsonRpcNotificationMessage(2.0, build/publishDiagnostics, {"textDocument":{"uri":"file:///D:/M1/ACF/TP89/TP89_ACF/src/main/scala/bank/action/SendClient.java"},"buildTarget":{"uri":"file:/D:/M1/ACF/TP89/TP89_ACF/#tp89_acf/Compile"},"diagnostics":[],"reset":true})[0m
[0m[[0m[0mdebug[0m] [0m[0mjsonRpcNotify: JsonRpcNotificationMessage(2.0, build/taskFinish, {"taskId":{"id":"49","parents":[]},"eventTime":1607261493650,"message":"Compiled tp89_acf","status":1,"dataKind":"compile-report","data":{"target":{"uri":"file:/D:/M1/ACF/TP89/TP89_ACF/#tp89_acf/Compile"},"errors":0,"warnings":2,"time":14}})[0m
[0m[[0m[0mdebug[0m] [0m[0mjsonRpcNotify: JsonRpcNotificationMessage(2.0, build/logMessage, {"type":3,"message":"running bank.Ihm "})[0m
[0m[[0m[0mdebug[0m] [0m[0mjsonRpcNotify: JsonRpcNotificationMessage(2.0, build/logMessage, {"type":4,"message":"Waiting for threads to exit or System.exit to be called."})[0m
[0m[[0m[0mdebug[0m] [0m[0mjsonRpcNotify: JsonRpcNotificationMessage(2.0, build/logMessage, {"type":4,"message":"Waiting for thread run-main-1 to terminate."})[0m
[0m[[0m[0mdebug[0m] [0m[0mjsonRpcNotify: JsonRpcNotificationMessage(2.0, build/logMessage, {"type":4,"message":"  Classpath:\n\tD:\\M1\\ACF\\TP89\\TP89_ACF\\target\\bg-jobs\\sbt_abc4b267\\job-2\\target\\3b48268d\\97c95d22\\tp89_acf_2.13-0.1.jar\n\tD:\\M1\\ACF\\TP89\\TP89_ACF\\target\\bg-jobs\\sbt_abc4b267\\target\\f4e5d416\\37851899\\scala-library-2.13.3.jar"})[0m
[0m[[0m[0mdebug[0m] [0m[0mjsonRpcNotify: JsonRpcNotificationMessage(2.0, build/logMessage, {"type":4,"message":"\tThread run-main-1 exited."})[0m
[0m[[0m[0mdebug[0m] [0m[0mjsonRpcNotify: JsonRpcNotificationMessage(2.0, build/logMessage, {"type":4,"message":"Waiting for thread AWT-Shutdown to terminate."})[0m
[0m[[0m[0mdebug[0m] [0m[0mjsonRpcNotify: JsonRpcNotificationMessage(2.0, build/logMessage, {"type":4,"message":"Disposing 1 top-level windows..."})[0m
[0m[[0m[0mdebug[0m] [0m[0mjsonRpcNotify: JsonRpcNotificationMessage(2.0, build/logMessage, {"type":4,"message":"Waiting 2 s to let AWT thread exit."})[0m
[0m[[0m[0mdebug[0m] [0m[0mjsonRpcNotify: JsonRpcNotificationMessage(2.0, build/logMessage, {"type":4,"message":"Not interrupting system thread Thread[AWT-Shutdown,5,system]"})[0m
[0m[[0m[0mdebug[0m] [0m[0mjsonRpcNotify: JsonRpcNotificationMessage(2.0, build/logMessage, {"type":4,"message":"Interrupting thread AWT-EventQueue-0"})[0m
[0m[[0m[0mdebug[0m] [0m[0mjsonRpcNotify: JsonRpcNotificationMessage(2.0, build/logMessage, {"type":4,"message":"\tInterrupted AWT-EventQueue-0"})[0m
[0m[[0m[0mdebug[0m] [0m[0mjsonRpcNotify: JsonRpcNotificationMessage(2.0, build/logMessage, {"type":4,"message":"\tThread AWT-Shutdown exited."})[0m
[0m[[0m[0mdebug[0m] [0m[0mjsonRpcNotify: JsonRpcNotificationMessage(2.0, build/logMessage, {"type":4,"message":"Interrupting remaining threads (should be all daemons)."})[0m
[0m[[0m[0mdebug[0m] [0m[0mjsonRpcNotify: JsonRpcNotificationMessage(2.0, build/logMessage, {"type":4,"message":"Disposing 1 top-level windows..."})[0m
[0m[[0m[0mdebug[0m] [0m[0mjsonRpcNotify: JsonRpcNotificationMessage(2.0, build/logMessage, {"type":4,"message":"Waiting 2 s to let AWT thread exit."})[0m
[0m[[0m[0mdebug[0m] [0m[0mUnhandled request received: shutdown: JsonRpcRequestMessage(2.0, ♨12, shutdown, null})[0m
