[0m[[0m[0mdebug[0m] [0m[0m> Exec(package, Some(6acf044a-4953-418f-9c95-8e45e26cb17b), Some(CommandSource(console0)))[0m
[0m[[0m[0mdebug[0m] [0m[0mEvaluating tasks: Compile / package[0m
[0m[[0m[0mdebug[0m] [0m[0mRunning task... Cancel: bloop.integrations.sbt.Offloader$$anon$1@63bca84d, check cycles: false, forcegc: true[0m
[0m[[0m[0mdebug[0m] [0m[0mjsonRpcNotify: JsonRpcNotificationMessage(2.0, build/taskStart, {"taskId":{"id":"9","parents":[]},"eventTime":1607331253285,"message":"Compiling tp89_acf","dataKind":"compile-task","data":{"target":{"uri":"file:/D:/M1/ACF/TP89/TP89_ACF/#tp89_acf/Compile"}}})[0m
[0m[[0m[0minfo[0m] [0m[0mcompiling 6 Scala sources and 4 Java sources to D:\M1\ACF\TP89\TP89_ACF\target\scala-2.13\classes ...[0m
[0m[[0m[0mdebug[0m] [0m[0mjsonRpcNotify: JsonRpcNotificationMessage(2.0, build/logMessage, {"type":3,"message":"compiling 6 Scala sources and 4 Java sources to D:\\M1\\ACF\\TP89\\TP89_ACF\\target\\scala-2.13\\classes ..."})[0m
[0m[[0m[33mwarn[0m] [0m[0m2 feature warnings; re-run with -feature for details[0m
[0m[[0m[0mdebug[0m] [0m[0mjsonRpcNotify: JsonRpcNotificationMessage(2.0, build/logMessage, {"type":2,"message":"2 feature warnings; re-run with -feature for details"})[0m
[0m[[0m[33mwarn[0m] [0m[0mone warning found[0m
[0m[[0m[0mdebug[0m] [0m[0mjsonRpcNotify: JsonRpcNotificationMessage(2.0, build/logMessage, {"type":2,"message":"one warning found"})[0m
[0m[[0m[0mdebug[0m] [0m[0mjsonRpcNotify: JsonRpcNotificationMessage(2.0, build/publishDiagnostics, {"textDocument":{"uri":"file:///D:/M1/ACF/TP89/TP89_ACF/src/main/scala/validator/ConcreteValidator.scala"},"buildTarget":{"uri":"file:/D:/M1/ACF/TP89/TP89_ACF/#tp89_acf/Compile"},"diagnostics":[],"reset":true})[0m
[0m[[0m[0mdebug[0m] [0m[0mjsonRpcNotify: JsonRpcNotificationMessage(2.0, build/publishDiagnostics, {"textDocument":{"uri":"file:///D:/M1/ACF/TP89/TP89_ACF/src/main/scala/bank/Bank.scala"},"buildTarget":{"uri":"file:/D:/M1/ACF/TP89/TP89_ACF/#tp89_acf/Compile"},"diagnostics":[],"reset":true})[0m
[0m[[0m[0mdebug[0m] [0m[0mjsonRpcNotify: JsonRpcNotificationMessage(2.0, build/publishDiagnostics, {"textDocument":{"uri":"file:///D:/M1/ACF/TP89/TP89_ACF/src/main/scala/bank/action/SendCancel.java"},"buildTarget":{"uri":"file:/D:/M1/ACF/TP89/TP89_ACF/#tp89_acf/Compile"},"diagnostics":[],"reset":true})[0m
[0m[[0m[0mdebug[0m] [0m[0mjsonRpcNotify: JsonRpcNotificationMessage(2.0, build/publishDiagnostics, {"textDocument":{"uri":"file:///D:/M1/ACF/TP89/TP89_ACF/src/main/scala/bank/TransValidator.scala"},"buildTarget":{"uri":"file:/D:/M1/ACF/TP89/TP89_ACF/#tp89_acf/Compile"},"diagnostics":[],"reset":true})[0m
[0m[[0m[0mdebug[0m] [0m[0mjsonRpcNotify: JsonRpcNotificationMessage(2.0, build/publishDiagnostics, {"textDocument":{"uri":"file:///D:/M1/ACF/TP89/TP89_ACF/src/main/scala/bank/Ihm.java"},"buildTarget":{"uri":"file:/D:/M1/ACF/TP89/TP89_ACF/#tp89_acf/Compile"},"diagnostics":[],"reset":true})[0m
[0m[[0m[0mdebug[0m] [0m[0mjsonRpcNotify: JsonRpcNotificationMessage(2.0, build/publishDiagnostics, {"textDocument":{"uri":"file:///D:/M1/ACF/TP89/TP89_ACF/src/main/scala/bank/action/SendMerchant.java"},"buildTarget":{"uri":"file:/D:/M1/ACF/TP89/TP89_ACF/#tp89_acf/Compile"},"diagnostics":[],"reset":true})[0m
[0m[[0m[0mdebug[0m] [0m[0mjsonRpcNotify: JsonRpcNotificationMessage(2.0, build/publishDiagnostics, {"textDocument":{"uri":"file:///D:/M1/ACF/TP89/TP89_ACF/src/main/scala/bank/observer/Subject.scala"},"buildTarget":{"uri":"file:/D:/M1/ACF/TP89/TP89_ACF/#tp89_acf/Compile"},"diagnostics":[],"reset":true})[0m
[0m[[0m[0mdebug[0m] [0m[0mjsonRpcNotify: JsonRpcNotificationMessage(2.0, build/publishDiagnostics, {"textDocument":{"uri":"file:///D:/M1/ACF/TP89/TP89_ACF/src/main/scala/bank/ExtMessage.scala"},"buildTarget":{"uri":"file:/D:/M1/ACF/TP89/TP89_ACF/#tp89_acf/Compile"},"diagnostics":[],"reset":true})[0m
[0m[[0m[0mdebug[0m] [0m[0mjsonRpcNotify: JsonRpcNotificationMessage(2.0, build/publishDiagnostics, {"textDocument":{"uri":"file:///D:/M1/ACF/TP89/TP89_ACF/src/main/scala/bank/observer/Observer.scala"},"buildTarget":{"uri":"file:/D:/M1/ACF/TP89/TP89_ACF/#tp89_acf/Compile"},"diagnostics":[],"reset":true})[0m
[0m[[0m[0mdebug[0m] [0m[0mjsonRpcNotify: JsonRpcNotificationMessage(2.0, build/publishDiagnostics, {"textDocument":{"uri":"file:///D:/M1/ACF/TP89/TP89_ACF/src/main/scala/bank/action/SendClient.java"},"buildTarget":{"uri":"file:/D:/M1/ACF/TP89/TP89_ACF/#tp89_acf/Compile"},"diagnostics":[],"reset":true})[0m
[0m[[0m[0mdebug[0m] [0m[0mjsonRpcNotify: JsonRpcNotificationMessage(2.0, build/taskFinish, {"taskId":{"id":"9","parents":[]},"eventTime":1607331255785,"message":"Compiled tp89_acf","status":1,"dataKind":"compile-report","data":{"target":{"uri":"file:/D:/M1/ACF/TP89/TP89_ACF/#tp89_acf/Compile"},"errors":0,"warnings":0,"time":2500}})[0m
[0m[[0m[32msuccess[0m] [0m[0mTotal time: 4 s, completed 7 déc. 2020 09:54:15[0m
[0m[[0m[0mdebug[0m] [0m[0m> Exec(shell, None, None)[0m
